INFO:root:Ran with args: (     Daily Time Spent on Site  Age  Area Income  Daily Internet Usage  Male
703                     77.65   28     66198.66                208.01     0
311                     69.74   49     66524.80                243.37     0
722                     39.47   43     65576.05                163.48     1
629                     73.94   26     55411.06                236.15     1
0                       68.95   35     61833.90                256.09     0
..                        ...  ...          ...                   ...   ...
106                     72.23   25     46557.92                241.03     1
270                     44.49   53     63100.13                168.00     1
860                     91.37   45     51920.49                182.65     1
435                     56.66   42     72684.44                139.42     0
102                     89.91   40     59593.56                194.23     0

[670 rows x 5 columns], 703    0
311    0
722    1
629    0
0      0
      ..
106    0
270    1
860    1
435    1
102    0
Name: Clicked on Ad, Length: 670, dtype: int64), and kwargs: {}
INFO:root:Ran with args: (     Daily Time Spent on Site  Age  Area Income  Daily Internet Usage  Male
703                     77.65   28     66198.66                208.01     0
311                     69.74   49     66524.80                243.37     0
722                     39.47   43     65576.05                163.48     1
629                     73.94   26     55411.06                236.15     1
0                       68.95   35     61833.90                256.09     0
..                        ...  ...          ...                   ...   ...
106                     72.23   25     46557.92                241.03     1
270                     44.49   53     63100.13                168.00     1
860                     91.37   45     51920.49                182.65     1
435                     56.66   42     72684.44                139.42     0
102                     89.91   40     59593.56                194.23     0

[670 rows x 5 columns], 703    0
311    0
722    1
629    0
0      0
      ..
106    0
270    1
860    1
435    1
102    0
Name: Clicked on Ad, Length: 670, dtype: int64), and kwargs: {}
INFO:root:Ran with args: (), and kwargs: {}
INFO:root:Ran with args: (     Daily Time Spent on Site  Age  Area Income  Daily Internet Usage  Male
703                     77.65   28     66198.66                208.01     0
311                     69.74   49     66524.80                243.37     0
722                     39.47   43     65576.05                163.48     1
629                     73.94   26     55411.06                236.15     1
0                       68.95   35     61833.90                256.09     0
..                        ...  ...          ...                   ...   ...
106                     72.23   25     46557.92                241.03     1
270                     44.49   53     63100.13                168.00     1
860                     91.37   45     51920.49                182.65     1
435                     56.66   42     72684.44                139.42     0
102                     89.91   40     59593.56                194.23     0

[670 rows x 5 columns], 703    0
311    0
722    1
629    0
0      0
      ..
106    0
270    1
860    1
435    1
102    0
Name: Clicked on Ad, Length: 670, dtype: int64), and kwargs: {}
INFO:root:Ran with args: (     Daily Time Spent on Site  Age  Area Income  Daily Internet Usage  Male
703                     77.65   28     66198.66                208.01     0
311                     69.74   49     66524.80                243.37     0
722                     39.47   43     65576.05                163.48     1
629                     73.94   26     55411.06                236.15     1
0                       68.95   35     61833.90                256.09     0
..                        ...  ...          ...                   ...   ...
106                     72.23   25     46557.92                241.03     1
270                     44.49   53     63100.13                168.00     1
860                     91.37   45     51920.49                182.65     1
435                     56.66   42     72684.44                139.42     0
102                     89.91   40     59593.56                194.23     0

[670 rows x 5 columns], 703    0
311    0
722    1
629    0
0      0
      ..
106    0
270    1
860    1
435    1
102    0
Name: Clicked on Ad, Length: 670, dtype: int64), and kwargs: {}
INFO:root:Ran with args: (), and kwargs: {}
INFO:root:Ran with args: (     Daily Time Spent on Site  Age  Area Income  Daily Internet Usage  Male
703                     77.65   28     66198.66                208.01     0
311                     69.74   49     66524.80                243.37     0
722                     39.47   43     65576.05                163.48     1
629                     73.94   26     55411.06                236.15     1
0                       68.95   35     61833.90                256.09     0
..                        ...  ...          ...                   ...   ...
106                     72.23   25     46557.92                241.03     1
270                     44.49   53     63100.13                168.00     1
860                     91.37   45     51920.49                182.65     1
435                     56.66   42     72684.44                139.42     0
102                     89.91   40     59593.56                194.23     0

[670 rows x 5 columns], 703    0
311    0
722    1
629    0
0      0
      ..
106    0
270    1
860    1
435    1
102    0
Name: Clicked on Ad, Length: 670, dtype: int64), and kwargs: {}
INFO:root:Ran with args: (), and kwargs: {}
INFO:root:Ran with args: (     Daily Time Spent on Site  Age  Area Income  Daily Internet Usage  Male
703                     77.65   28     66198.66                208.01     0
311                     69.74   49     66524.80                243.37     0
722                     39.47   43     65576.05                163.48     1
629                     73.94   26     55411.06                236.15     1
0                       68.95   35     61833.90                256.09     0
..                        ...  ...          ...                   ...   ...
106                     72.23   25     46557.92                241.03     1
270                     44.49   53     63100.13                168.00     1
860                     91.37   45     51920.49                182.65     1
435                     56.66   42     72684.44                139.42     0
102                     89.91   40     59593.56                194.23     0

[670 rows x 5 columns], 703    0
311    0
722    1
629    0
0      0
      ..
106    0
270    1
860    1
435    1
102    0
Name: Clicked on Ad, Length: 670, dtype: int64), and kwargs: {}
INFO:root:Ran with args: (     Daily Time Spent on Site  Age  Area Income  Daily Internet Usage  Male
703                     77.65   28     66198.66                208.01     0
311                     69.74   49     66524.80                243.37     0
722                     39.47   43     65576.05                163.48     1
629                     73.94   26     55411.06                236.15     1
0                       68.95   35     61833.90                256.09     0
..                        ...  ...          ...                   ...   ...
106                     72.23   25     46557.92                241.03     1
270                     44.49   53     63100.13                168.00     1
860                     91.37   45     51920.49                182.65     1
435                     56.66   42     72684.44                139.42     0
102                     89.91   40     59593.56                194.23     0

[670 rows x 5 columns], 703    0
311    0
722    1
629    0
0      0
      ..
106    0
270    1
860    1
435    1
102    0
Name: Clicked on Ad, Length: 670, dtype: int64), and kwargs: {}
INFO:root:Ran with args: (), and kwargs: {}
